C51 COMPILER V9.00   DELAY                                                                 02/01/2016 08:29:13 PAGE 1   


C51 COMPILER V9.00, COMPILATION OF MODULE DELAY
OBJECT MODULE PLACED IN delay.OBJ
COMPILER INVOKED BY: C:\Keil4\C51\BIN\C51.EXE delay.c BROWSE DEBUG OBJECTEXTEND

line level    source

   1          #ifndef _light_h
   2          #include<light.h>
   3          #define _light_h
   4          #endif
   5          /*
   6          void delayUs(unsigned int us)
   7          {
   8          unsigned int i;
   9          for(i=0;i<us;i++);
  10          }
  11          */
  12          void delayMs(unsigned int ms)
  13          {
  14   1      unsigned int i,j;
  15   1      for(i=0;i<ms;i++)
  16   1      for(j=0;j<1000;j++);
  17   1      }


MODULE INFORMATION:   STATIC OVERLAYABLE
   CODE SIZE        =     32    ----
   CONSTANT SIZE    =   ----    ----
   XDATA SIZE       =   ----    ----
   PDATA SIZE       =   ----    ----
   DATA SIZE        =   ----    ----
   IDATA SIZE       =   ----    ----
   BIT SIZE         =   ----    ----
END OF MODULE INFORMATION.


C51 COMPILATION COMPLETE.  0 WARNING(S),  0 ERROR(S)
