C51 COMPILER V9.00   DS1302                                                                02/01/2016 08:29:12 PAGE 1   


C51 COMPILER V9.00, COMPILATION OF MODULE DS1302
OBJECT MODULE PLACED IN ds1302.OBJ
COMPILER INVOKED BY: C:\Keil4\C51\BIN\C51.EXE ds1302.c BROWSE DEBUG OBJECTEXTEND

line level    source

   1          #ifndef _light_h
   2          #include<light.h>
   3          #define _light_h
   4          #endif
   5          unsigned char writeRtcAddr[]={0x80,0x82,0x84,0x86,0x88,0x8a,0x8c};
   6          unsigned char initTime[]={0x00,0x41,0x15,0x24,0x12,0x04,0x15};//2013-01-01 12:00:00
   7          
   8          void ds1302Write(unsigned char addr,unsigned char dat)
   9          {
  10   1      unsigned char n;
  11   1      timeRst=0;;
  12   1      timeSclk=0;;
  13   1      timeRst=1;;
  14   1      for(n=0;n<8;n++)
  15   1      {
  16   2      timeIO=addr&0x01;
  17   2      addr>>=1;
  18   2      timeSclk=1;;
  19   2      timeSclk=0;;
  20   2      }
  21   1      for(n=0;n<8;n++)
  22   1      {
  23   2      timeIO=dat&0x01;
  24   2      dat>>=1;
  25   2      timeSclk=1;;
  26   2      timeSclk=0;
  27   2      }
  28   1      timeRst=0;;
  29   1      }
  30          unsigned char ds1302Read(unsigned char addr)
  31          {
  32   1      unsigned char n,dat,dat1;
  33   1      timeRst=0;;
  34   1      timeSclk=0;;
  35   1      timeRst=1;;
  36   1      for(n=0;n<8;n++)
  37   1      {
  38   2      timeIO=addr&0x01;
  39   2      addr>>=1;
  40   2      timeSclk=1;;
  41   2      timeSclk=0;;
  42   2      }
  43   1      ;
  44   1      for(n=0;n<8;n++)
  45   1      {
  46   2      dat1=timeIO;
  47   2      dat=(dat>>1)|(dat1<<7);
  48   2      timeSclk=1;;
  49   2      timeSclk=0;;
  50   2      }
  51   1      timeRst=0;;
  52   1      timeSclk=1;;
  53   1      timeIO=0;;
  54   1      timeIO=1;;
  55   1      return dat;
C51 COMPILER V9.00   DS1302                                                                02/01/2016 08:29:12 PAGE 2   

  56   1      }
  57          void ds1302Init(void)
  58          {
  59   1      unsigned char n;
  60   1      ds1302Write(0x8e,0x00);
  61   1      for(n=0;n<7;n++)
  62   1      {
  63   2      ds1302Write(writeRtcAddr[n],initTime[n]);
  64   2      }
  65   1      ds1302Write(0x8e,0x80);
  66   1      }


MODULE INFORMATION:   STATIC OVERLAYABLE
   CODE SIZE        =    142    ----
   CONSTANT SIZE    =   ----    ----
   XDATA SIZE       =   ----    ----
   PDATA SIZE       =   ----    ----
   DATA SIZE        =     14    ----
   IDATA SIZE       =   ----    ----
   BIT SIZE         =   ----    ----
END OF MODULE INFORMATION.


C51 COMPILATION COMPLETE.  0 WARNING(S),  0 ERROR(S)
