C51 COMPILER V9.00   KEYBOARD                                                              02/01/2016 08:29:12 PAGE 1   


C51 COMPILER V9.00, COMPILATION OF MODULE KEYBOARD
OBJECT MODULE PLACED IN keyBoard.OBJ
COMPILER INVOKED BY: C:\Keil4\C51\BIN\C51.EXE keyBoard.c BROWSE DEBUG OBJECTEXTEND

line level    source

   1          #ifndef _light_h
   2          #include<light.h>
   3          #define _light_h
   4          #endif
   5          
   6          unsigned char keyScan(void)
   7          {
   8   1      unsigned char keyUper,keyLower,keyValue;
   9   1      P2=0xf0;
  10   1      if(P2!=0xf0)
  11   1              {
  12   2              delayMs(10);
  13   2               if((P2|0x80)!=0xf0)
  14   2                      {
  15   3                       keyUper=P2;
  16   3                      P2=0x0f;
  17   3                      keyLower=P2;
  18   3                       keyValue=keyLower+keyUper;
  19   3                       while((P2&0x7f)!=0x0f);
  20   3                       delayMs(10);
  21   3                      switch(keyValue)
  22   3                              {
  23   4                               case   0xd7:
  24   4                               return 0;break;
  25   4                              case 0xee:
  26   4                               return 1;break;
  27   4                               case 0xde:
  28   4                               return 2;break;
  29   4                               case 0xbe:
  30   4                               return 3;break;
  31   4                                case 0xed:
  32   4                                return 4;break;
  33   4                                case 0xdd:
  34   4                               return 5;break;
  35   4                               case 0xbd:
  36   4                               return 6;break;
  37   4                               case 0xeb:
  38   4                               return 7;break;
  39   4                               case 0xdb:
  40   4                               return 8;break;
  41   4                                case 0xbb:
  42   4                                return 9;break;
  43   4                                case 0xe7:
  44   4                                return 10;break;
  45   4                                case 0xb7:
  46   4                               return 11;break;
  47   4                               default:
  48   4                                return 12;
  49   4                               }
  50   3      
  51   3                      }
  52   2              }
  53   1              return 12;
  54   1      }

C51 COMPILER V9.00   KEYBOARD                                                              02/01/2016 08:29:12 PAGE 2   


MODULE INFORMATION:   STATIC OVERLAYABLE
   CODE SIZE        =    140    ----
   CONSTANT SIZE    =   ----    ----
   XDATA SIZE       =   ----    ----
   PDATA SIZE       =   ----    ----
   DATA SIZE        =   ----       1
   IDATA SIZE       =   ----    ----
   BIT SIZE         =   ----    ----
END OF MODULE INFORMATION.


C51 COMPILATION COMPLETE.  0 WARNING(S),  0 ERROR(S)
