C51 COMPILER V9.00   M433WIRELESS                                                          02/01/2016 08:29:13 PAGE 1   


C51 COMPILER V9.00, COMPILATION OF MODULE M433WIRELESS
OBJECT MODULE PLACED IN M433Wireless.OBJ
COMPILER INVOKED BY: C:\Keil4\C51\BIN\C51.EXE M433Wireless.c BROWSE DEBUG OBJECTEXTEND

line level    source

   1          #ifndef _light_h
   2          #include<light.h>
   3          #define _light_h
   4          #endif
   5          //只要调用这个函数，灯状态都已经改变过，所以需要上传数据
   6          void M433ControlLight(unsigned char lightNumber)
   7          {
   8   1      unsigned int i=lightState;
   9   1      //判断第0位是1或者所有位都是0时，灯状态改为000000000001
  10   1      if (lightState==0||(lightState%2))
  11   1      lightState=1;
  12   1      
  13   1      //灯显示
  14   1      i>>=lightNumber;
  15   1      i=i%2;
  16   1      i=i<<4;
  17   1         P0=(unsigned char)((lightState%256)|i);
  18   1         P1=0X02;
  19   1         delayMs(DELAYNUM);
  20   1         P1=0;
  21   1         delayMs(DELAYNUM);
  22   1         P0=lightNumber;
  23   1         P1=0x04;
  24   1         delayMs(M433DELAYNUM);
  25   1         P1=0;
  26   1         delayMs(DELAYNUM);
  27   1         lightStateShow(lightState);
  28   1      }


MODULE INFORMATION:   STATIC OVERLAYABLE
   CODE SIZE        =    101    ----
   CONSTANT SIZE    =   ----    ----
   XDATA SIZE       =   ----    ----
   PDATA SIZE       =   ----    ----
   DATA SIZE        =   ----       1
   IDATA SIZE       =   ----    ----
   BIT SIZE         =   ----    ----
END OF MODULE INFORMATION.


C51 COMPILATION COMPLETE.  0 WARNING(S),  0 ERROR(S)
