C51 COMPILER V9.00   WIFI                                                                  02/01/2016 08:29:12 PAGE 1   


C51 COMPILER V9.00, COMPILATION OF MODULE WIFI
OBJECT MODULE PLACED IN wifi.OBJ
COMPILER INVOKED BY: C:\Keil4\C51\BIN\C51.EXE wifi.c BROWSE DEBUG OBJECTEXTEND

line level    source

   1          #ifndef _light_h
   2          #include<light.h>
   3          #define _light_h
   4          #endif
   5          
   6          unsigned char recvBuffer[2]={0,0};
   7          unsigned char flagCount=0;
   8          unsigned char dataCount=0;
   9          void wifiInit(void)
  10          {
  11   1      SCON=0x50;
  12   1      TMOD=0x20;
  13   1      TH1=0xFd;
  14   1      TL1=0xFd;
  15   1      TR1=1;
  16   1      EA=1;
  17   1      ES=1;
  18   1      }
  19          void sendByte(unsigned char dat)
  20          {
  21   1      SBUF=dat;
  22   1      while(!TI);
  23   1      TI=0;
  24   1      }
  25          void sendTwoByte(unsigned char a,unsigned char b,unsigned char serNumber)
  26          {
  27   1      unsigned char i;
  28   1      
  29   1      unsigned char sendSer[10]={0,0,0,0,0,0,0,0,0,0};
  30   1      
  31   1      sendSer[0]=0x48;
  32   1      sendSer[1]=0x0a;
  33   1      sendSer[2]=0x01;
  34   1      sendSer[3]=0x01;
  35   1      sendSer[4]=serNumber;
  36   1      sendSer[5]=0;
  37   1      sendSer[6]=0;
  38   1      sendSer[7]=a;
  39   1      sendSer[8]=b;
  40   1      sendSer[9]=0;
  41   1      for(i=0;i<9;i++)
  42   1      {
  43   2      sendSer[9]+=sendSer[i];
  44   2      }
  45   1      for(i=0;i<10;i++)
  46   1      {
  47   2      sendByte(sendSer[i]);
  48   2      }
  49   1      
  50   1      }
  51          
  52          void serIn(void) interrupt 4
  53          {
  54   1      if(RI)
  55   1      {
C51 COMPILER V9.00   WIFI                                                                  02/01/2016 08:29:12 PAGE 2   

  56   2      RI=0;
  57   2      
  58   2      if(flagCount==3||dataCount==1)
  59   2      {
  60   3              recvBuffer[dataCount++]=SBUF;
  61   3              if(dataCount==2)
  62   3              {
  63   4                      wifiDownload=1;
  64   4                      flagCount=0;
  65   4                      dataCount=0;
  66   4                      lightState=(unsigned int)recvBuffer[0]*256+recvBuffer[1];
  67   4                      if(lightState==0||(lightState%2))
  68   4                              lightState=1;   
  69   4              }
  70   3      }
  71   2      if(0x61==SBUF)
  72   2      flagCount++;
  73   2      else flagCount=0;
  74   2      }
  75   1      }
  76          
  77          //上传数据
  78          void wifiUpload()
  79          {
  80   1      unsigned char a,b;
  81   1      a=lightState>>8;
  82   1      b=lightState;
  83   1      sendTwoByte(a,b,serialNumber);
  84   1      sendTwoByte(a,b,serialNumber);
  85   1      sendTwoByte(a,b,serialNumber++);
  86   1       delayMs(DELAYNUM);
  87   1       }


MODULE INFORMATION:   STATIC OVERLAYABLE
   CODE SIZE        =    251    ----
   CONSTANT SIZE    =     10    ----
   XDATA SIZE       =   ----    ----
   PDATA SIZE       =   ----    ----
   DATA SIZE        =      4      15
   IDATA SIZE       =   ----    ----
   BIT SIZE         =   ----    ----
END OF MODULE INFORMATION.


C51 COMPILATION COMPLETE.  0 WARNING(S),  0 ERROR(S)
